Build started 2/22/2015 9:58:41 PM.
     1>Project "d:\School\cs115\AmazingMaze\build_amazingmaze_vc12\AmazingMaze_vc12.vcxproj" on node 2 (Build target(s)).
     1>CustomBuild:
         Performing Custom Build Tools
         msg: option 'default-buildenv' overridden by command line
         C:\Marmalade\7.5\s3e\makefile_builder\mkb.py d:/School/cs115/AmazingMaze/AmazingMaze.mkb --buildenv=VC12 --default-buildenv=vc12 --msvc-project
         Building project: d:/School/cs115/AmazingMaze/AmazingMaze.mkb
         done
       ClCompile:
         C:\Marmalade\7.5\s3e\bin\CL.exe /c /Ic:/marmalade/7.5/modules/iwutil/h /Ic:/marmalade/7.5/modules/third_party/libjpeg/h /Ic:/marmalade/7.5/modules/third_party/zlib/h /Ic:/marmalade/7.5/modules/third_party/libpng/h /Ic:/marmalade/7.5/modules/iw2dscenegraphcore/h /Ic:/marmalade/7.5/modules/iw2dscenegraph/h /Ic:/marmalade/7.5/modules/iw2d/h /Ic:/marmalade/7.5/modules/iwgx/h /Ic:/marmalade/7.5/modules/iwgl/h /Ic:/marmalade/7.5/modules/iwgeom/h /Ic:/marmalade/7.5/modules/iwresmanager/h /Ic:/marmalade/7.5/extensions/pvrtextool/h /Ic:/marmalade/7.5/modules/iwgxfont/h /Ic:/marmalade/7.5/modules/third_party/tiniconv/source /Ic:/marmalade/7.5/modules/iwtween/h /Ic:/marmalade/7.5/s3e/h /Ic:/marmalade/7.5/s3e/h/ext /Ic:/marmalade/7.5/s3e/h/std /Ic:/marmalade/7.5/s3e/h/std/c++ /Ic:/marmalade/7.5/s3e/h/ext_legacy /Ic:/marmalade/7.5/s3e/h/legacy /I. /Z7 /nologo /W3 /WX- /MP /Od /Oy- /X /Gm- /EHsc /RTC1 /MTd /GS /Gy /fp:precise /Zc:wchar_t /Zc:forScope /Fo"Debug_AmazingMaze_vc12_gcc_arm\\" /Fd"Debug_AmazingMaze_vc12_gcc_arm\vc120.pdb" /Gd /TP /analyze- /errorReport:prompt /S3Eproject /J /Fe"s3e-custom-tool='c:/marmalade/7.5/s3e/gcc/win32/arm/bin/arm-none-eabi-gcc.exe' tooltype=gcc_compiler -funsigned-char -fno-strict-aliasing -fno-stack-protector -fno-short-enums -fshort-wchar -Wall -fomit-frame-pointer -fmessage-length=0 -Wno-unused -Wno-parentheses -save-temps -ffunction-sections -mstructure-size-boundary=8 -march=armv6 -mfloat-abi=soft -mthumb-interwork -mthumb-interwork -mword-relocations -Wno-switch -Wno-psabi -fvisibility=hidden -nostdinc -fPIC --cppflag=-Wno-reorder --cppflag=-fvisibility-inlines-hidden --cppflag=-fno-exceptions --cppflag=-nostdinc++ -g -O0 -gdwarf-2" /FD  /FI"d:\School\cs115\AmazingMaze\build_amazingmaze_vc12\temp_defines_debug.h" ..\AmazingMaze.cpp c:\marmalade\7.5\modules\iw2dscenegraph\source\Iw2DSceneGraph.cpp c:\marmalade\7.5\modules\iw2dscenegraphcore\source\Iw2DSceneGraphCore.cpp c:\marmalade\7.5\modules\iwtween\source\IwTween.cpp ..\MazeDrawer.cpp ..\MazeGenerator.cpp c:\marmalade\7.5\extensions\pvrtextool\interface\PVRTexTool_interface.cpp
         ARM Compiling(GCC) d:\School\cs115\AmazingMaze\AmazingMaze.cpp ...
         ARM Compiling(GCC) c:\marmalade\7.5\modules\iw2dscenegraph\source\Iw2DSceneGraph.cpp ...
         ARM Compiling(GCC) c:\marmalade\7.5\modules\iw2dscenegraphcore\source\Iw2DSceneGraphCore.cpp ...
         ARM Compiling(GCC) c:\marmalade\7.5\modules\iwtween\source\IwTween.cpp ...
         ARM Compiling(GCC) d:\School\cs115\AmazingMaze\MazeDrawer.cpp ...
         ARM Compiling(GCC) d:\School\cs115\AmazingMaze\MazeGenerator.cpp ...
         ARM Compiling(GCC) c:\marmalade\7.5\extensions\pvrtextool\interface\PVRTexTool_interface.cpp ...
       Link:
         C:\Marmalade\7.5\s3e\bin\link.exe /ERRORREPORT:PROMPT /OUT:"Debug_AmazingMaze_vc12_gcc_arm\AmazingMaze.s3e" /INCREMENTAL /NOLOGO /LIBPATH:c:/marmalade/7.5/modules/iwutil/lib/arm/v6/nofpu/soft /LIBPATH:c:/marmalade/7.5/modules/third_party/libjpeg/lib/arm/v6/nofpu/soft /LIBPATH:c:/marmalade/7.5/modules/third_party/zlib/lib/arm/v6/nofpu/soft /LIBPATH:c:/marmalade/7.5/modules/third_party/libpng/lib/arm/v6/nofpu/soft /LIBPATH:c:/marmalade/7.5/modules/iw2d/lib/arm/v6/nofpu/soft /LIBPATH:c:/marmalade/7.5/modules/iwgx/atitools /LIBPATH:c:/marmalade/7.5/modules/iwgx/lib/arm/v6/nofpu/soft /LIBPATH:c:/marmalade/7.5/modules/iwgl/lib/arm/v6/nofpu/soft /LIBPATH:c:/marmalade/7.5/modules/iwgeom/lib/arm/v6/nofpu/soft /LIBPATH:c:/marmalade/7.5/modules/iwresmanager/lib/arm/v6/nofpu/soft /LIBPATH:c:/marmalade/7.5/modules/iwgxfont/lib/arm/v6/nofpu/soft /LIBPATH:c:/marmalade/7.5/modules/third_party/tiniconv/lib/arm/v6/nofpu/soft /LIBPATH:c:/marmalade/7.5/s3e/lib/arm/v6/nofpu/soft /NODEFAULTLIB:libcmt /MANIFEST:NO /PDB:"Debug_AmazingMaze_vc12_gcc_arm\AmazingMaze.pdb" /SUBSYSTEM:WINDOWS /OPT:NOREF /OPT:NOICF /TLBID:1 /DYNAMICBASE /NXCOMPAT /IMPLIB:"Debug_AmazingMaze_vc12_gcc_arm\AmazingMaze.lib" /MACHINE:X86  /include:_IwMain /include:_raise /include:_DllEntryPoint@12 /force:multiple /COMMENT:"s3e-custom-tool='c:/marmalade/7.5/s3e/gcc/win32/arm/bin/arm-none-eabi-g++.exe' tooltype=gcc_linker -Wl,--gc-sections -Wl,--as-needed -march=armv6 -mfloat-abi=soft -mthumb-interwork -mthumb-interwork -pie -Wl,--entry=_IwMain -Wl,--no-enum-size-warning -Wl,-Tlinker_script -lc -lm -Wl,-Map='Debug_AmazingMaze_vc12_gcc_arm\/AmazingMaze.map' -Wl,--start-group -liwutil_d -ljpeg_d -lz_d -lpng_d -liw2d_d -liwgx_d -liwgl_d -liwgeom_d -liwresmanager_d -liwgxfont_d -ltiniconv_d -ls3e_cpp_d -ls3e_d -ls3e_api_iwgl -Wl,--end-group --plink:--arch=armv6 --plink:--compiler=rvct --plink:-u" /DLL Debug_AmazingMaze_vc12_gcc_arm\AmazingMaze.obj
         Debug_AmazingMaze_vc12_gcc_arm\Iw2DSceneGraph.obj
         Debug_AmazingMaze_vc12_gcc_arm\Iw2DSceneGraphCore.obj
         Debug_AmazingMaze_vc12_gcc_arm\IwTween.obj
         Debug_AmazingMaze_vc12_gcc_arm\MazeDrawer.obj
         Debug_AmazingMaze_vc12_gcc_arm\MazeGenerator.obj
         Debug_AmazingMaze_vc12_gcc_arm\PVRTexTool_interface.obj
         ARM Linking(GCC) ...
         :Debug_AmazingMaze_vc12_gcc_arm/MazeDrawer.obj( In function `_STL) :_IosInit': (col )
         
         MazeDrawer.cpp:(.bss+0x8): multiple definition of `level'
         :Debug_AmazingMaze_vc12_gcc_arm/AmazingMaze.obj(c) :72: first defined here (col /marmalade/7.5/modules/iwgeom/h/IwGeomFVec2.h)
         
         :Debug_AmazingMaze_vc12_gcc_arm/MazeDrawer.obj( In function `_STL) :_IosInit': (col )
         
         MazeDrawer.cpp:(.bss+0x2a38): multiple definition of `MaxLevel'
         :Debug_AmazingMaze_vc12_gcc_arm/AmazingMaze.obj(AmazingMaze.cpp) : first defined here (col (.bss+0x2a38))
         
     1>collect2.exe : error : ld returned 1 exit status
     1>Done Building Project "d:\School\cs115\AmazingMaze\build_amazingmaze_vc12\AmazingMaze_vc12.vcxproj" (Build target(s)) -- FAILED.

Build FAILED.

Time Elapsed 00:00:05.91
